<?xml version="1.0" encoding="UTF-8"?>
<!-- Generated by org.testng.reporters.JUnitXMLReporter -->
<testsuite ignored="4" hostname="karima-hp" failures="1" tests="2" name="Car loan" time="0.035" errors="0" timestamp="2024-06-01T11:42:26 EDT">
  <testcase classname="Demo1.Test3" name="LoginApiHomeLoan" time="0.002"/>
  <testcase classname="Demo1.Test3" name="WebloginHomeLoan" time="0.0">
    <failure type="org.testng.TestNGException" message="
Parameter &amp;apos;APIkey/username&amp;apos; is required by @Test on method WebloginHomeLoan but has not been marked @Optional or defined
in C:\Users\bouto\eclipse-workspace\TestNGTutorial\testng.xml">
      <![CDATA[org.testng.TestNGException: 
Parameter 'APIkey/username' is required by @Test on method WebloginHomeLoan but has not been marked @Optional or defined
in C:\Users\bouto\eclipse-workspace\TestNGTutorial\testng.xml
at java.base/java.util.ArrayList.forEach(ArrayList.java:1511)
... Removed 26 stack frames]]>
    </failure>
  </testcase> <!-- WebloginHomeLoan -->
  <testcase classname="Demo1.Test3" name="MobileLoginHomeloan2" time="0.0">
    <ignored/>
  </testcase> <!-- MobileLoginHomeloan2 -->
  <testcase classname="Demo1.Test3" name="MobileLoginHomeloan4" time="0.0">
    <ignored/>
  </testcase> <!-- MobileLoginHomeloan4 -->
  <testcase classname="Demo1.Test3" name="MobileLoginHomeloan1" time="0.0">
    <ignored/>
  </testcase> <!-- MobileLoginHomeloan1 -->
  <testcase classname="Demo1.Test3" name="MobileLoginHomeloan3" time="0.0">
    <ignored/>
  </testcase> <!-- MobileLoginHomeloan3 -->
</testsuite> <!-- Car loan -->
