<?xml version="1.0" encoding="UTF-8"?>
<!-- Generated by org.testng.reporters.JUnitXMLReporter -->
<testsuite ignored="1" hostname="karima-hp" failures="0" tests="5" name="Test Personal" time="0.045" errors="0" timestamp="2024-06-01T11:42:26 EDT">
  <testcase classname="Demo1.Test1" name="Demo" time="0.004"/>
  <testcase classname="Demo1.Test2" name="Demo1" time="0.001"/>
  <testcase classname="Demo1.Test4" name="LoginApiCarLoan" time="0.001"/>
  <testcase classname="Demo1.Test4" name="MobileLogincarloan" time="0.0"/>
  <testcase classname="Demo1.Test4" name="WebloginHomeLoan" time="0.001"/>
  <testcase classname="Demo1.Test1" name="SecondTest" time="0.0">
    <ignored/>
  </testcase> <!-- SecondTest -->
</testsuite> <!-- Test Personal -->
