<?xml version="1.0" encoding="UTF-8"?>
<!-- Generated by org.testng.reporters.JUnitXMLReporter -->
<testsuite ignored="9" hostname="karima-hp" failures="0" tests="3" name="Regression" time="0.064" errors="0" timestamp="2024-05-30T21:04:33 EDT">
  <testcase classname="Demo1.Test1" name="SecondTest" time="0.01"/>
  <testcase classname="Demo1.Test2" name="Demo1" time="0.003"/>
  <testcase classname="Demo1.Test3" name="MobileLoginHomeloan4" time="0.001"/>
  <testcase classname="Demo1.Test3" name="MobileLoginHomeloan2" time="0.0">
    <ignored/>
  </testcase> <!-- MobileLoginHomeloan2 -->
  <testcase classname="Demo1.Test1" name="Demo" time="0.0">
    <ignored/>
  </testcase> <!-- Demo -->
  <testcase classname="Demo1.Test4" name="LoginApiCarLoan" time="0.0">
    <ignored/>
  </testcase> <!-- LoginApiCarLoan -->
  <testcase classname="Demo1.Test3" name="MobileLoginHomeloan1" time="0.0">
    <ignored/>
  </testcase> <!-- MobileLoginHomeloan1 -->
  <testcase classname="Demo1.Test3" name="WebloginHomeLoan" time="0.0">
    <ignored/>
  </testcase> <!-- WebloginHomeLoan -->
  <testcase classname="Demo1.Test3" name="MobileLoginHomeloan3" time="0.0">
    <ignored/>
  </testcase> <!-- MobileLoginHomeloan3 -->
  <testcase classname="Demo1.Test4" name="WeblogincarLoan" time="0.0">
    <ignored/>
  </testcase> <!-- WeblogincarLoan -->
  <testcase classname="Demo1.Test4" name="MobileLogincarloan" time="0.0">
    <ignored/>
  </testcase> <!-- MobileLogincarloan -->
  <testcase classname="Demo1.Test3" name="LoginApiHomeLoan" time="0.0">
    <ignored/>
  </testcase> <!-- LoginApiHomeLoan -->
</testsuite> <!-- Regression -->
