<?xml version="1.0" encoding="UTF-8"?>
<!-- Generated by org.testng.reporters.JUnitXMLReporter -->
<testsuite ignored="0" hostname="karima-hp" failures="0" tests="3" name="Car loan" time="0.01" errors="0" timestamp="2024-05-27T20:15:21 EDT">
  <testcase classname="Demo1.Test3" name="LoginApiHomeLoan" time="0.002"/>
  <testcase classname="Demo1.Test3" name="MobileLoginHomeloan" time="0.001"/>
  <testcase classname="Demo1.Test3" name="WebloginHomeLoan" time="0.001"/>
</testsuite> <!-- Car loan -->
